Tue Mar 18 08:39:14 UTC 2025
Tue Mar 18 13:17:39 UTC 2025
Wed Mar 19 13:17:06 UTC 2025
Thu Mar 20 13:14:43 UTC 2025
Fri Mar 21 13:15:33 UTC 2025
Sat Mar 22 13:01:21 UTC 2025
Sun Mar 23 13:01:51 UTC 2025
Mon Mar 24 13:34:36 UTC 2025
Tue Mar 25 13:33:20 UTC 2025
Wed Mar 26 13:33:53 UTC 2025
Thu Mar 27 13:17:36 UTC 2025
Fri Mar 28 13:16:19 UTC 2025
Sat Mar 29 13:03:03 UTC 2025
Sun Mar 30 13:02:47 UTC 2025
Mon Mar 31 13:34:47 UTC 2025
Tue Apr  1 13:36:14 UTC 2025
Wed Apr  2 13:34:27 UTC 2025
Thu Apr  3 13:33:39 UTC 2025
Fri Apr  4 13:17:49 UTC 2025
Sat Apr  5 13:02:43 UTC 2025
Sun Apr  6 13:02:34 UTC 2025
Mon Apr  7 13:36:01 UTC 2025
Tue Apr  8 13:35:13 UTC 2025
Wed Apr  9 13:37:32 UTC 2025
Thu Apr 10 13:35:21 UTC 2025
Fri Apr 11 13:34:20 UTC 2025
Sat Apr 12 13:02:30 UTC 2025
Sun Apr 13 13:03:55 UTC 2025
Mon Apr 14 13:36:31 UTC 2025
Tue Apr 15 13:36:19 UTC 2025
Wed Apr 16 13:35:19 UTC 2025
Thu Apr 17 13:33:58 UTC 2025
Fri Apr 18 12:39:34 UTC 2025
Sat Apr 19 12:37:01 UTC 2025
Sun Apr 20 12:37:10 UTC 2025
Mon Apr 21 12:40:46 UTC 2025
Tue Apr 22 12:41:31 UTC 2025
Wed Apr 23 12:42:36 UTC 2025
Thu Apr 24 12:42:51 UTC 2025
Fri Apr 25 12:41:40 UTC 2025
Sat Apr 26 12:37:27 UTC 2025
Sun Apr 27 12:37:43 UTC 2025
